RRRPRRRPRRRPRRRPRRRPRRRPRPSSSSSS
RRRPRRRPRRRPRRRPRRRPRRRPRRRPRPSP
RRRPRRRPRRRPRRRPRRRPRRRPRSRPSSSS
RRRPRRRPRRRPRRRPRRRPRRRPSPPPPPPP
RRRPRRRPRRRPRRRPRPSPSPPPPPPPPPPP
RRRPRRRPRRRPRRRPRRRPRRRPRRRPRPSP
RRRPRRRPRRRPRSRPSPSPSPSPSPSPSPSS
RSRPSPSPSPSPSPSPSPSPSPSPSPSPPPPP
RSRPSPSPSPSPSPSPSPSPSPSPSPSPSPPP
RRRPRRRPSPSPSPSPSPSSSSSSSSSSSSSS
RRRPRRRPRRRPRRRPRRRPRSRPSPSPSPSP
RRRPRRRPRRRPRRRPRPSPSPSPSPSPPPPP
RSRPSPSPSPSPSPSSSSSSSSSSSSSSSSSS
RRRPRRRPRRRPRRRPRRRPRPSPSPSPSPSP
RRRPRRRPRRRPRRRPRRRPRRRPRSRPSSSS
RRRPRSRPSPSPSPSPSPSPSPSPSPSPSPSS
RRRPSPSPSPSPSPSPSPSSSSSSSSSSSSSS
RRRPRRRPRRRPRRRPSSSSSSSSSSSSSSSS
RRRPRSRPSPSPPPPPPPPPPPPPPPPPPPPP
RPSPSPSPSPSPSPSPSPSPPPPPPPPPPPPP
RRRPRRRPRRRPRRRPRRRPRRRPRRRPSPSP
RRRPRRRPRRRPRRRPRRRPRRRPSPSPSPSS
RRRPRSRPSPSPSSSSSSSSSSSSSSSSSSSS
RRRPRRRPRSRPSPSPSPSSSSSSSSSSSSSS
RPSPSPSPPPPPPPPPPPPPPPPPPPPPPPPP
RRRPRRRPRRRPRRRPRSRPSPSPSPSPSPSP
RRRPRRRPRRRPRPSPSPSPSPSSSSSSSSSS
RRRPSPSPSPSPSPSPSPSPSPSSSSSSSSSS
RRRPRRRPRRRPRRRPRRRPRRRPRPSPSSSS
RRRPRRRPRRRPRSRPSPSPSPSPSPSPSPPP
RRRPRRRPRRRPRRRPRPSPSPSPPPPPPPPP
RRRPRRRPSPSPSPSSSSSSSSSSSSSSSSSS
RRRPRRRPRRRPRRRPRRRPRSRPSPSPSPPP
RRRPRPSPSPSPSPSPSPSPSPSPSPPPPPPP
RRRPRRRPRRRPRRRPRRRPRRRPRPSPPPPP
RRRPRRRPRSRPSPSPSPSPPPPPPPPPPPPP
RRRPRRRPRRRPRRRPRRRPRSRPSPSPPPPP
RRRPRRRPRRRPRRRPRSRPSPSPSSSSSSSS
RRRPRRRPRRRPRRRPRRRPSPSPSPSPSPSP
RRRPRRRPRRRPRRRPRRRPRRRPRPSPSPPP
RRRPRRRPRRRPRSRPSPSPSPSPSPSPSPPP
RRRPRRRPRPSPSPSPSPSPSSSSSSSSSSSS
RSRPSPSPSPSPSPSPSPSPSPSPSPSPPPPP
RRRPRRRPRRRPRRRPRRRPSPSPSSSSSSSS
RRRPRRRPRRRPRRRPRSRPSPSPSPSPSSSS
RRRPRSRPSPSPSPSPSPSPSPSSSSSSSSSS
RRRPRRRPRSRPSPSSSSSSSSSSSSSSSSSS
RRRPRRRPRRRPRRRPRRRPSPSPSPSSSSSS
RRRPRRRPRRRPRRRPRRRPSPSPPPPPPPPP
RRRPRRRPRRRPRRRPSSSSSSSSSSSSSSSS