RRRPRRRPRSRPSPSPSSSSSSSSSSSSSSSS
RRRPRRRPRRRPRRRPRRRPRRRPRRRPSPSS
RRRPRRRPRRRPRRRPRRRPSPPPPPPPPPPP
RRRPRRRPRRRPRRRPRPSPSPSPSSSSSSSS
RRRPRRRPRSRPSPSPPPPPPPPPPPPPPPPP
RSRPSPSPSPSPSPSPSPSPSSSSSSSSSSSS
RRRPRRRPRRRPRRRPRRRPRRRPRRRPSPSS
RRRPRRRPRRRPRRRPRRRPRRRPSPSSSSSS
RRRPRRRPSPSPSPSPSPSPSPSPSPSPSSSS
RRRPRRRPRRRPRRRPRRRPSPSPSPSSSSSS
RRRPSPSPPPPPPPPPPPPPPPPPPPPPPPPP
RRRPRRRPRRRPRRRPRRRPRRRPRRRPSPSS
RRRPRRRPRSRPSPSSSSSSSSSSSSSSSSSS
RRRPRRRPRRRPRRRPRPSPSSSSSSSSSSSS
RRRPRRRPRRRPRRRPRRRPRRRPRSRPSPSP
RRRPRRRPRRRPRRRPRRRPSPSPPPPPPPPP
RRRPRRRPRRRPRSRPSSSSSSSSSSSSSSSS
RRRPSPSPSPSPSPSPPPPPPPPPPPPPPPPP
RRRPRRRPRRRPRRRPRRRPSPPPPPPPPPPP
RRRPRRRPRRRPRRRPRRRPRRRPRRRPRPSP
RRRPRRRPSPSPSPSPSPSSSSSSSSSSSSSS
RRRPRSRPSPSPSPSPSPSPSPPPPPPPPPPP
RPSPSPSPSPSPSPSPSPSSSSSSSSSSSSSS
RRRPRRRPRRRPRRRPRRRPRRRPSPSPSPSP
RRRPRRRPRRRPRRRPRRRPSPSPSSSSSSSS
RRRPRSRPSPSPSPSPSSSSSSSSSSSSSSSS
RRRPRRRPRRRPRRRPRSRPSPSPSPSSSSSS
RRRPRSRPSPSPSPSPSPSPSPSPSPSPSSSS
RRRPRRRPRRRPRRRPRPSPSPSPSPSSSSSS
RRRPRRRPRRRPRRRPRRRPRRRPRSRPSPPP
RRRPRRRPSPSPSPSPSPSPSPSSSSSSSSSS
RRRPRPSPSPSPSPSPSPSPSPSPPPPPPPPP
RRRPSPSPSPSPSPSPSSSSSSSSSSSSSSSS
RRRPRRRPRRRPRRRPRRRPRSRPSPSPPPPP
RRRPRRRPRPSPSPSPSPSPSSSSSSSSSSSS
RRRPSPSPSPPPPPPPPPPPPPPPPPPPPPPP
RRRPRSRPSPSPSPSPSPSPSPPPPPPPPPPP
RRRPRRRPRPRPSPPPPPPPPPPPPPPPPPPP
RRRPRRRPRRRPRRRPRRRPRPSPSPSPSSSS
RRRPSPSPSPSPPPPPPPPPPPPPPPPPPPPP
RRRPRRRPRRRPRRRPRPSPSPSPSPSSSSSS
RRRPRRRPRRRPRRRPRRRPRRRPRPSPSPSP
RRRPRRRPRRRPRSRPSPSPSPSPSPSPPPPP
RSRPSPSPSPSPSPSPSPSPSPSPSPPPPPPP
RPSPSPSPSPSPSPSPSSSSSSSSSSSSSSSS
RRRPRRRPRRRPRRRPSPSPSPSPSPSPSPSS
RPSPSPSPSPSPSPSPPPPPPPPPPPPPPPPP
RRRPRRRPSPSPSPSPPPPPPPPPPPPPPPPP
RRRPRRRPRRRPRRRPRRRPRRRPRPSPSPSS
RSRPSPSPSPSPSPPPPPPPPPPPPPPPPPPP